  main.cpp
E:\Dev-Cpp\myInclude\hr.h(10,27): warning C4267: “初始化”: 从“size_t”转换到“int”，可能丢失数据
E:\Dev-Cpp\myInclude\hr.h(10,27): warning C4267: “初始化”: 从“size_t”转换到“const int”，可能丢失数据
E:\Dev-Cpp\myInclude\hr.h(23,27): warning C4267: “初始化”: 从“size_t”转换到“int”，可能丢失数据
E:\Dev-Cpp\myInclude\hr.h(23,27): warning C4267: “初始化”: 从“size_t”转换到“const int”，可能丢失数据
E:\Dev-Cpp\myInclude\hr.h(33,27): warning C4267: “初始化”: 从“size_t”转换到“int”，可能丢失数据
E:\Dev-Cpp\myInclude\hr.h(33,27): warning C4267: “初始化”: 从“size_t”转换到“const int”，可能丢失数据
E:\Dev-Cpp\代码\C++\vsProject\数据结构\main.cpp(153,33): warning C4267: “参数”: 从“size_t”转换到“int”，可能丢失数据
E:\Dev-Cpp\代码\C++\vsProject\数据结构\main.cpp(177,29): warning C4267: “参数”: 从“size_t”转换到“int”，可能丢失数据
E:\Dev-Cpp\代码\C++\vsProject\数据结构\cirList.h(20,21): warning C4018: “<”: 有符号/无符号不匹配
E:\Dev-Cpp\代码\C++\vsProject\数据结构\cirList.h(18): message : 在编译 类 模板 成员函数“cirList<int>::~cirList(void)”时
E:\Dev-Cpp\代码\C++\vsProject\数据结构\main.cpp(35): message : 查看对正在编译的函数 模板 实例化“cirList<int>::~cirList(void)”的引用
E:\Dev-Cpp\代码\C++\vsProject\数据结构\main.cpp(35): message : 查看对正在编译的 类 模板 实例化“cirList<int>”的引用
E:\Dev-Cpp\代码\C++\vsProject\数据结构\HashTable2.h(88,1): warning C4267: “初始化”: 从“size_t”转换到“int”，可能丢失数据
E:\Dev-Cpp\代码\C++\vsProject\数据结构\HashTable2.h(86): message : 在编译 类 模板 成员函数“int HashTable2<std::string>::findPos(const HashedObj &) const”时
          with
          [
              HashedObj=std::string
          ]
E:\Dev-Cpp\代码\C++\vsProject\数据结构\HashTable2.h(24): message : 查看对正在编译的函数 模板 实例化“int HashTable2<std::string>::findPos(const HashedObj &) const”的引用
          with
          [
              HashedObj=std::string
          ]
E:\Dev-Cpp\代码\C++\vsProject\数据结构\main.cpp(234): message : 查看对正在编译的 类 模板 实例化“HashTable2<std::string>”的引用
E:\Dev-Cpp\代码\C++\vsProject\数据结构\HashTable2.h(94,29): warning C4267: “-=”: 从“size_t”转换到“int”，可能丢失数据
  数据结构.vcxproj -> E:\Dev-Cpp\代码\C++\vsProject\数据结构\x64\Debug\数据结构.exe
